Mdi:ArrangeIcons
Mdi:ArrangeIcons
wm geometry . 900x785+126+75
Mdi:ArrangeIcons
wm geometry . 900x785+504+9
Mdi:ArrangeIcons
wm geometry . 900x785+915+0
Mdi:ArrangeIcons
wm geometry . 900x785+1082+0
Mdi:ArrangeIcons
wm geometry . 900x785+1023+0
Mdi:ArrangeIcons
wm geometry . 900x785+1010+0
Mdi:ArrangeIcons
wm geometry . 900x785+1060+0
Mdi:ArrangeIcons
wm geometry . 900x785+1070+0
Mdi:ArrangeIcons
wm geometry . 900x785+1017+0
Mdi:ArrangeIcons
wm geometry . 900x785+1005+0
Mdi:ArrangeIcons
wm geometry . 900x785+1008+0
Mdi:ArrangeIcons
wm geometry . 900x785+1139+0
Mdi:ArrangeIcons
wm geometry . 900x785+1200+31
Mdi:ArrangeIcons
wm geometry . 900x785+1184+46
Mdi:ArrangeIcons
wm geometry . 900x785+1165+57
Mdi:ArrangeIcons
wm geometry . 900x785+1164+59
Mdi:ArrangeIcons
wm geometry . 900x785+1185+63
Mdi:ArrangeIcons
wm geometry . 900x785+1325+77
Mdi:ArrangeIcons
wm geometry . 900x785+1544+54
Mdi:ArrangeIcons
wm geometry . 900x785+1874+35
Mdi:ArrangeIcons
wm geometry . 900x785+2299+42
Mdi:ArrangeIcons
wm geometry . 900x785+2379+44
Mdi:ArrangeIcons
wm geometry . 900x785+2443+44
Mdi:ArrangeIcons
wm geometry . 900x785+2467+44
Mdi:ArrangeIcons
Mdi:ArrangeIcons
wm geometry . 900x785+2420+52
Mdi:ArrangeIcons
wm geometry . 900x785+2290+66
Mdi:ArrangeIcons
wm geometry . 900x785+2253+67
Mdi:ArrangeIcons
wm geometry . 900x785+2200+61
Mdi:ArrangeIcons
wm geometry . 900x785+2180+58
Mdi:ArrangeIcons
wm geometry . 900x785+2162+51
Mdi:ArrangeIcons
wm geometry . 900x785+2158+50
Mdi:ArrangeIcons
wm geometry . 900x785+2084+25
Mdi:ArrangeIcons
wm geometry . 900x785+2045+18
Mdi:ArrangeIcons
wm geometry . 900x785+2036+17
Mdi:ArrangeIcons
wm geometry . 900x785+2028+15
Mdi:ArrangeIcons
wm geometry . 900x785+2022+15
Mdi:ArrangeIcons
Mdi:ArrangeIcons
Mdi:ArrangeIcons
Mdi:ArrangeIcons
Mdi:ArrangeIcons
Mdi:ArrangeIcons
Mdi:ArrangeIcons
Mdi:ArrangeIcons
Mdi:ArrangeIcons
Mdi:ArrangeIcons
Mdi:ArrangeIcons
Mdi:ArrangeIcons
Mdi:ArrangeIcons
Mdi:ArrangeIcons
Mdi:ArrangeIcons
Mdi:ArrangeIcons
Mdi:ArrangeIcons
Mdi:ArrangeIcons
Mdi:ArrangeIcons
Mdi:ArrangeIcons
Mdi:ArrangeIcons
Mdi:ArrangeIcons
Mdi:ArrangeIcons
Mdi:ArrangeIcons
Mdi:ArrangeIcons
Mdi:ArrangeIcons
Mdi:ArrangeIcons
Mdi:ArrangeIcons
Mdi:ArrangeIcons
Mdi:ArrangeIcons
Mdi:ArrangeIcons
Mdi:ArrangeIcons
Mdi:ArrangeIcons
Mdi:ArrangeIcons
Mdi:ArrangeIcons
Mdi:ArrangeIcons
Mdi:ArrangeIcons
Mdi:ArrangeIcons
Mdi:ArrangeIcons
Mdi:ArrangeIcons
Mdi:ArrangeIcons
Mdi:ArrangeIcons
Mdi:ArrangeIcons
Mdi:ArrangeIcons
Mdi:ArrangeIcons
Mdi:ArrangeIcons
Mdi:ArrangeIcons
Mdi:ArrangeIcons
Mdi:ArrangeIcons
Mdi:ArrangeIcons
Mdi:ArrangeIcons
Mdi:ArrangeIcons
Mdi:ArrangeIcons
Mdi:ArrangeIcons
Mdi:ArrangeIcons
Mdi:ArrangeIcons
Mdi:ArrangeIcons
Mdi:ArrangeIcons
Mdi:ArrangeIcons
Mdi:ArrangeIcons
Mdi:ArrangeIcons
Mdi:ArrangeIcons
Mdi:ArrangeIcons
Mdi:ArrangeIcons
Mdi:ArrangeIcons
Mdi:ArrangeIcons
Mdi:ArrangeIcons
Mdi:ArrangeIcons
Mdi:ArrangeIcons
Mdi:ArrangeIcons
Mdi:ArrangeIcons
Mdi:ArrangeIcons
Mdi:ArrangeIcons
Mdi:ArrangeIcons
Mdi:ArrangeIcons
Mdi:ArrangeIcons
Mdi:ArrangeIcons
Mdi:ArrangeIcons
Mdi:ArrangeIcons
Mdi:ArrangeIcons
Mdi:ArrangeIcons
Mdi:ArrangeIcons
Mdi:ArrangeIcons
Mdi:ArrangeIcons
Mdi:ArrangeIcons
Mdi:ArrangeIcons
Mdi:ArrangeIcons
Mdi:ArrangeIcons
Mdi:ArrangeIcons
Mdi:ArrangeIcons
Mdi:ArrangeIcons
Mdi:ArrangeIcons
Mdi:ArrangeIcons
Mdi:ArrangeIcons
Mdi:ArrangeIcons
Mdi:ArrangeIcons
Mdi:ArrangeIcons
Mdi:ArrangeIcons
Mdi:ArrangeIcons
Mdi:ArrangeIcons
Mdi:ArrangeIcons
Mdi:ArrangeIcons
Mdi:ArrangeIcons
Mdi:ArrangeIcons
Mdi:ArrangeIcons
Mdi:ArrangeIcons
Mdi:ArrangeIcons
Mdi:ArrangeIcons
Mdi:ArrangeIcons
Mdi:ArrangeIcons
Mdi:ArrangeIcons
Mdi:ArrangeIcons
Mdi:ArrangeIcons
Mdi:ArrangeIcons
ScopeSigMgr:loadpffile {/nfs/stak/users/lopezalj/ECE422/HW3/P2/sim2.ac0 /nfs/stak/users/lopezalj/ECE422/HW3/P2/sim2.sw0} 1 openonly
# PF:1 PF:2
ScopeSigMgr:loadpffile {/nfs/stak/users/lopezalj/ECE422/HW3/P2/sim2.ac0 /nfs/stak/users/lopezalj/ECE422/HW3/P2/sim2.sw0} 1 replace
# PF:1 PF:2
Mdi:ArrangeIcons
wm geometry . 900x785+105+6
Mdi:ArrangeIcons
Mdi:ArrangeIcons
Mdi:ArrangeIcons
Mdi:ArrangeIcons
Mdi:ArrangeIcons
Mdi:ArrangeIcons
Mdi:ArrangeIcons
Mdi:ArrangeIcons
Mdi:ArrangeIcons
Mdi:ArrangeIcons
Mdi:ArrangeIcons
Mdi:ArrangeIcons
Mdi:ArrangeIcons
Mdi:ArrangeIcons
Mdi:ArrangeIcons
Mdi:ArrangeIcons
Mdi:ArrangeIcons
Mdi:ArrangeIcons
Mdi:ArrangeIcons
Mdi:ArrangeIcons
Mdi:ArrangeIcons
Mdi:ArrangeIcons
Mdi:ArrangeIcons
Mdi:ArrangeIcons
Mdi:ArrangeIcons
Mdi:ArrangeIcons
Mdi:ArrangeIcons
Mdi:ArrangeIcons
Mdi:ArrangeIcons
Mdi:ArrangeIcons
Mdi:ArrangeIcons
Mdi:ArrangeIcons
Mdi:ArrangeIcons
Mdi:ArrangeIcons
Mdi:ArrangeIcons
Mdi:ArrangeIcons
Mdi:ArrangeIcons
Mdi:ArrangeIcons
Mdi:ArrangeIcons
Mdi:ArrangeIcons
Mdi:ArrangeIcons
Mdi:ArrangeIcons
Mdi:ArrangeIcons
Mdi:ArrangeIcons
Mdi:ArrangeIcons
Mdi:ArrangeIcons
Mdi:ArrangeIcons
Mdi:ArrangeIcons
Mdi:ArrangeIcons
Mdi:ArrangeIcons
Mdi:ArrangeIcons
Mdi:ArrangeIcons
Mdi:ArrangeIcons
Mdi:ArrangeIcons
Mdi:ArrangeIcons
Mdi:ArrangeIcons
Mdi:ArrangeIcons
Mdi:ArrangeIcons
Mdi:ArrangeIcons
Mdi:ArrangeIcons
Mdi:ArrangeIcons
Mdi:ArrangeIcons
Mdi:ArrangeIcons
Mdi:ArrangeIcons
Mdi:ArrangeIcons
Mdi:ArrangeIcons
Mdi:ArrangeIcons
Mdi:ArrangeIcons
Mdi:ArrangeIcons
Mdi:ArrangeIcons
Mdi:ArrangeIcons
Mdi:ArrangeIcons
Mdi:ArrangeIcons
Mdi:ArrangeIcons
Mdi:ArrangeIcons
Mdi:ArrangeIcons
Mdi:ArrangeIcons
Mdi:ArrangeIcons
Mdi:ArrangeIcons
Mdi:ArrangeIcons
Mdi:ArrangeIcons
Mdi:ArrangeIcons
Mdi:ArrangeIcons
Mdi:ArrangeIcons
Mdi:ArrangeIcons
Mdi:ArrangeIcons
Mdi:ArrangeIcons
Mdi:ArrangeIcons
Mdi:ArrangeIcons
Mdi:ArrangeIcons
Mdi:ArrangeIcons
Mdi:ArrangeIcons
Mdi:ArrangeIcons
Mdi:ArrangeIcons
Mdi:ArrangeIcons
Mdi:ArrangeIcons
Mdi:ArrangeIcons
Mdi:ArrangeIcons
Mdi:ArrangeIcons
Mdi:ArrangeIcons
Mdi:ArrangeIcons
Mdi:ArrangeIcons
Mdi:ArrangeIcons
Mdi:ArrangeIcons
Mdi:ArrangeIcons
Mdi:ArrangeIcons
Mdi:ArrangeIcons
Mdi:ArrangeIcons
Mdi:ArrangeIcons
ScopeSigMgr:loadpffile {/nfs/stak/users/lopezalj/ECE422/HW3/P2/sim2.ac0 /nfs/stak/users/lopezalj/ECE422/HW3/P2/sim2.sw0} 1 replace
# PF:1 PF:2
wm geometry .sigmgr._PF:1 231x341+1635+535
wm geometry .sigmgr._PF:1 231x341+1510+540
wm geometry .sigmgr._PF:1 231x341+1401+553
wm geometry .sigmgr._PF:1 231x341+1271+567
wm geometry .sigmgr._PF:1 231x341+1084+589
wm geometry .sigmgr._PF:1 231x341+989+599
wm geometry .sigmgr._PF:1 231x341+880+615
wm geometry .sigmgr._PF:1 231x341+824+617
wm geometry .sigmgr._PF:1 231x341+777+618
wm geometry .sigmgr._PF:1 231x341+730+618
wm geometry .sigmgr._PF:1 231x341+697+618
wm geometry .sigmgr._PF:1 231x341+657+618
wm geometry .sigmgr._PF:1 231x341+629+619
wm geometry .sigmgr._PF:1 231x341+617+618
wm geometry .sigmgr._PF:1 231x341+607+609
wm geometry .sigmgr._PF:1 231x341+591+595
wm geometry .sigmgr._PF:1 231x341+567+545
wm geometry .sigmgr._PF:1 231x341+568+517
wm geometry .sigmgr._PF:1 231x341+578+493
wm geometry .sigmgr._PF:1 231x341+588+480
wm geometry .sigmgr._PF:1 231x341+592+475
wm geometry .sigmgr._PF:1 231x341+599+466
wm geometry .sigmgr._PF:1 231x341+619+454
wm geometry .sigmgr._PF:1 231x341+639+440
wm geometry .sigmgr._PF:1 231x341+648+436
wm geometry .sigmgr._PF:1 231x341+655+436
wm geometry .sigmgr._PF:1 231x341+663+434
wm geometry .sigmgr._PF:1 231x341+663+435
wm geometry .sigmgr._PF:1 231x341+675+441
wm geometry .sigmgr._PF:1 231x341+695+458
wm geometry .sigmgr._PF:1 231x341+700+462
wm geometry .sigmgr._PF:1 231x341+704+462
wm geometry .sigmgr._PF:1 231x341+706+462
wm geometry .sigmgr._PF:1 231x341+706+463
wm geometry .sigmgr._PF:2 231x341+1225+554
wm geometry .sigmgr._PF:2 231x341+1143+571
wm geometry .sigmgr._PF:2 231x341+1100+585
wm geometry .sigmgr._PF:2 231x341+1056+596
wm geometry .sigmgr._PF:2 231x341+1032+602
wm geometry .sigmgr._PF:2 231x341+1006+605
wm geometry .sigmgr._PF:2 231x341+987+608
wm geometry .sigmgr._PF:2 231x341+956+614
wm geometry .sigmgr._PF:2 231x341+934+620
wm geometry .sigmgr._PF:2 231x341+913+622
wm geometry .sigmgr._PF:2 231x341+912+622
wm geometry .sigmgr._PF:2 231x341+917+599
wm geometry .sigmgr._PF:2 231x341+925+571
wm geometry .sigmgr._PF:2 231x341+929+531
wm geometry .sigmgr._PF:2 231x341+929+512
wm geometry .sigmgr._PF:2 231x341+929+509
wm geometry .sigmgr._PF:2 231x341+930+508
wm geometry .sigmgr._PF:2 231x341+932+507
wm geometry .sigmgr._PF:2 231x341+933+506
wm geometry .sigmgr._PF:2 231x341+952+498
wm geometry .sigmgr._PF:2 231x341+957+497
wm geometry .sigmgr._PF:2 231x341+960+493
wm geometry .sigmgr._PF:2 231x341+962+490
wm geometry .sigmgr._PF:2 231x341+966+484
wm geometry .sigmgr._PF:2 231x341+973+478
wm geometry .sigmgr._PF:2 231x341+978+470
wm geometry .sigmgr._PF:2 231x341+979+468
wm geometry .sigmgr._PF:2 231x341+982+471
wm geometry .sigmgr._PF:2 231x341+1017+486
wm geometry .sigmgr._PF:2 231x341+1036+491
wm geometry .sigmgr._PF:2 231x341+1060+492
wm geometry .sigmgr._PF:2 231x341+1063+492
wm geometry .sigmgr._PF:2 231x341+1065+492
wm geometry .sigmgr._PF:2 231x341+1065+490
wm geometry .sigmgr._PF:2 231x341+1064+488
wm geometry .sigmgr._PF:2 231x341+1055+480
wm geometry .sigmgr._PF:2 231x341+1051+475
wm geometry .sigmgr._PF:2 231x341+1046+471
wm geometry .sigmgr 376x204+819+180
Mdi:ArrangeIcons
wm geometry . 900x785+9+4
Mdi:ArrangeIcons
Mdi:ArrangeIcons
Mdi:ArrangeIcons
Mdi:ArrangeIcons
Mdi:ArrangeIcons
Mdi:ArrangeIcons
Mdi:ArrangeIcons
Mdi:ArrangeIcons
Mdi:ArrangeIcons
Mdi:ArrangeIcons
Mdi:ArrangeIcons
Mdi:ArrangeIcons
Mdi:ArrangeIcons
Mdi:ArrangeIcons
Mdi:ArrangeIcons
Mdi:ArrangeIcons
Mdi:ArrangeIcons
Mdi:ArrangeIcons
Mdi:ArrangeIcons
Mdi:ArrangeIcons
Mdi:ArrangeIcons
Mdi:ArrangeIcons
Mdi:ArrangeIcons
Mdi:ArrangeIcons
Mdi:ArrangeIcons
Mdi:ArrangeIcons
Mdi:ArrangeIcons
Mdi:ArrangeIcons
Mdi:ArrangeIcons
Mdi:ArrangeIcons
Mdi:ArrangeIcons
Mdi:ArrangeIcons
Mdi:ArrangeIcons
wm geometry . 905x785+9+4
Mdi:ArrangeIcons
wm geometry . 920x785+9+4
Mdi:ArrangeIcons
wm geometry . 987x785+9+4
Mdi:ArrangeIcons
wm geometry . 1022x785+9+4
Mdi:ArrangeIcons
wm geometry . 1052x785+9+4
Mdi:ArrangeIcons
wm geometry . 1086x785+9+4
Mdi:ArrangeIcons
wm geometry . 1115x785+9+4
Mdi:ArrangeIcons
wm geometry . 1167x785+9+4
Mdi:ArrangeIcons
wm geometry . 1201x785+9+4
Mdi:ArrangeIcons
wm geometry . 1253x784+9+4
Mdi:ArrangeIcons
wm geometry . 1289x784+9+4
Mdi:ArrangeIcons
wm geometry . 1323x781+9+4
Mdi:ArrangeIcons
wm geometry . 1370x778+9+4
Mdi:ArrangeIcons
wm geometry . 1391x775+9+4
Mdi:ArrangeIcons
wm geometry . 1393x774+9+4
Mdi:ArrangeIcons
wm geometry . 1395x774+9+4
Mdi:ArrangeIcons
wm geometry . 1394x774+9+4
Mdi:ArrangeIcons
wm geometry . 1394x777+9+4
Mdi:ArrangeIcons
wm geometry . 1394x783+9+4
Mdi:ArrangeIcons
wm geometry . 1388x795+9+4
Mdi:ArrangeIcons
wm geometry . 1388x796+9+4
Mdi:ArrangeIcons
wm geometry . 1388x795+9+4
Mdi:ArrangeIcons
wm geometry . 1388x796+9+4
Mdi:ArrangeIcons
wm geometry . 1390x798+9+4
Mdi:ArrangeIcons
wm geometry . 1396x805+9+4
Mdi:ArrangeIcons
wm geometry . 1396x806+9+4
Mdi:Resize 769 399
Mdi:Move 5 5
wm geometry .sigmgr 376x204+864+179
wm geometry .sigmgr 376x204+929+164
wm geometry .sigmgr 376x204+980+147
wm geometry .sigmgr 376x204+1002+114
wm geometry .sigmgr 376x204+1002+103
wm geometry .sigmgr 376x204+997+89
wm geometry .sigmgr 376x204+991+80
wm geometry .sigmgr 376x204+981+70
wm geometry .sigmgr 376x204+971+66
wm geometry .sigmgr 376x204+959+64
wm geometry .sigmgr 376x204+952+64
wm geometry .sigmgr 376x204+942+64
wm geometry .sigmgr 376x204+936+64
wm geometry .sigmgr 376x204+934+66
wm geometry .sigmgr 376x204+934+70
wm geometry .sigmgr 376x204+937+79
wm geometry .sigmgr 376x204+944+85
wm geometry .sigmgr 376x204+947+89
wm geometry .sigmgr 376x204+953+90
wm geometry .sigmgr 376x204+958+92
wm geometry .sigmgr 376x204+965+94
wm geometry .sigmgr 376x204+973+96
wm geometry .sigmgr 376x204+981+96
wm geometry .sigmgr 376x204+983+96
wm geometry .sigmgr 376x204+990+96
wm geometry .sigmgr 376x204+1007+93
wm geometry .sigmgr 376x204+1015+91
wm geometry .sigmgr 376x204+1014+90
wm geometry .sigmgr 376x204+1012+88
wm geometry .sigmgr 376x204+1001+85
wm geometry .sigmgr 376x204+1000+83
wm geometry .sigmgr 376x204+998+84
wm geometry .sigmgr 376x204+997+84
wm geometry .sigmgr._PF:2 231x341+1142+369
wm geometry .sigmgr._PF:2 231x341+1141+369
wm geometry .sigmgr._PF:1 231x341+884+344
wm geometry .sigmgr._PF:1 231x341+885+343
wm geometry .sigmgr._PF:1 231x341+888+343
wm geometry .sigmgr._PF:1 231x341+892+340
wm geometry .sigmgr._PF:1 231x341+896+336
wm geometry .sigmgr._PF:1 231x341+896+337
pf:read PF:2 i(m1)
# WF:2:1
Graph addsignal WF:2:1 -region new -yview real(y) -xview real(x) -tracehi 2
# Signal0
Graph:DSel
Graph:Select Graph0
Graph:DSel
Graph:DSel
.frame1.mdi.mdi1.work.graph0 save -file /nfs/stak/users/lopezalj/ECE422/HW3/P2/G2a.png -format png  -x 0 -y 0 -w 767 -h 395 -colormode color
Graph:DSel
Graph:Select Graph0
Graph:DSel
Mdi:ArrangeIcons
wm geometry . 1396x806+15+5
Mdi:ArrangeIcons
wm geometry . 1396x806+18+5
Mdi:ArrangeIcons
wm geometry . 1396x806+21+5
Mdi:ArrangeIcons
wm geometry . 1396x806+22+5
Mdi:ArrangeIcons
Mdi:ArrangeIcons
Mdi:ArrangeIcons
Mdi:ArrangeIcons
Mdi:ArrangeIcons
Mdi:ArrangeIcons
Mdi:ArrangeIcons
Mdi:ArrangeIcons
Mdi:ArrangeIcons
Mdi:ArrangeIcons
Mdi:ArrangeIcons
Mdi:ArrangeIcons
Mdi:ArrangeIcons
Mdi:ArrangeIcons
wm geometry . 1396x806+20+5
Mdi:ArrangeIcons
wm geometry . 1396x806+19+5
Mdi:ArrangeIcons
Mdi:ArrangeIcons
wm geometry . 1396x806+18+5
Mdi:ArrangeIcons
wm geometry . 1396x806+17+5
Mdi:ArrangeIcons
wm geometry . 1396x806+17+6
Mdi:ArrangeIcons
wm geometry . 1396x806+16+6
Mdi:ArrangeIcons
Mdi:ArrangeIcons
Mdi:ArrangeIcons
Mdi:ArrangeIcons
wm geometry . 1396x806+16+8
Mdi:ArrangeIcons
wm geometry . 1396x806+16+7
Mdi:ArrangeIcons
Mdi:ArrangeIcons
wm geometry . 1396x806+15+10
Mdi:ArrangeIcons
Mdi:ArrangeIcons
Mdi:ArrangeIcons
Mdi:ArrangeIcons
Mdi:ArrangeIcons
wm geometry . 1396x806+14+11
Mdi:ArrangeIcons
wm geometry . 1396x806+13+11
Mdi:ArrangeIcons
Mdi:ArrangeIcons
Mdi:ArrangeIcons
Mdi:ArrangeIcons
Mdi:ArrangeIcons
Graph:DSel
Graph itemselect Signal0 add
# Signal0
Graph:DSel
Graph itemselect all add
# Signal0
Graph delsignal selected
Graph:ClearItems
pf:read PF:2 gmo(m1)
# WF:2:2
Graph addsignal WF:2:2 -region new -yview real(y) -xview real(x) -tracehi 2
# Signal0
Graph:Select Graph0
Graph:DSel
Graph itemselect AxisY(0,0) add
# AxisY(0,0)
Graph:DSel
Graph:Select Graph0
Graph:DSel
Graph itemselect AxisY(0,0) add
# AxisY(0,0)
Graph:DSel
Graph axisconfig AxisY(0,0) -rang {0.0 4.0m} -gridvis n -label 1/Ohm -scale lin -unitscale auto
Graph axisconfig AxisY(0,0) -rang {-200u 4.2m} -gridvis n -label {\ohm } -scale lin -unitscale auto
Graph axisconfig AxisY(0,0) -label /ohm
Graph axisconfig AxisY(0,0) -label /omega
Graph axisconfig AxisY(0,0) -rang {-2.0m 6.0m} -gridvis n -label Ohm^-1 -scale lin -unitscale auto
Graph:DSel
Graph:Select Graph0
Graph:DSel
Graph:DSel
Graph:DSel
.frame1.mdi.mdi1.work.graph0 save -file /nfs/stak/users/lopezalj/ECE422/HW3/P2/G2b.png -format png  -x 0 -y 0 -w 767 -h 395 -colormode color
Graph itemselect all add
# Signal0
Graph delsignal selected
Graph:ClearItems
pf:read PF:2 v(vd)
# WF:2:3
Graph addsignal WF:2:3 -region new -yview real(y) -xview real(x) -tracehi 2
# Signal0
.frame1.mdi.mdi1.work.graph0 save -file /nfs/stak/users/lopezalj/ECE422/HW3/P2/G2c.png -format png  -x 0 -y 0 -w 767 -h 395 -colormode color
Graph:DSel
Graph:Select Graph0
Graph:DSel
Graph:DSel
Graph:DSel
Graph:DSel
Graph itemselect all add
# Signal0
Graph delsignal selected
Graph:ClearItems
Graph:DSel
pf:read PF:2 v(vd)
# WF:2:3
Graph addsignal WF:2:3 -region new -yview real(y) -xview real(x) -tracehi 2
# Signal0
.frame1.mdi.mdi1.work.graph0 save -file /nfs/stak/users/lopezalj/ECE422/HW3/P2/G2c.png -format png  -x 0 -y 0 -w 767 -h 395 -colormode color
Graph:DSel
Graph:Select Graph0
Graph:DSel
Graph:DSel
Graph:DSel
Graph itemselect all add
# Signal0
Graph delsignal selected
Graph:ClearItems
Graph:DSel
Graph:Select Graph0
Graph:DSel 0
Graph:DSel
Graph:DSel
pf:read PF:1 v(vd)
# WF:1:1
Graph addsignal {WF:1:1 WF:1:1} -region {new new} -yview {cphasedeg(y) db(y)} -xview {real(x) real(x)} -tracehi {2 2}
# Signal0 Signal1
.frame1.mdi.mdi1.work.graph0 save -file /nfs/stak/users/lopezalj/ECE422/HW3/P2/G2d.png -format png  -x 0 -y 0 -w 767 -h 395 -colormode color
Graph:DSel
Graph:Select Graph0
Graph:DSel
ScopeSigMgr:Unload 0
Graph0 delsignal Signal0
Graph0 delsignal Signal1
ScopeSigMgr:Unload 0 {{(2) sim2.sw0}}
ScopeSigMgr:loadpffile /nfs/stak/users/lopezalj/ECE422/HW3/P3/3a/sim3a.sw0 1 openonly
# PF:3
Graph:DSel
Graph:Select Graph0
Graph:DSel
wm geometry .sigmgr._PF:3 231x341+1610+528
wm geometry .sigmgr._PF:3 231x341+1444+499
wm geometry .sigmgr._PF:3 231x341+1237+463
wm geometry .sigmgr._PF:3 231x341+1178+457
wm geometry .sigmgr._PF:3 231x341+1121+449
wm geometry .sigmgr._PF:3 231x341+1085+440
wm geometry .sigmgr._PF:3 231x341+1085+439
wm geometry .sigmgr._PF:3 231x341+1084+443
wm geometry .sigmgr._PF:3 231x341+1084+442
wm geometry .sigmgr._PF:3 231x341+1077+444
wm geometry .sigmgr._PF:3 231x341+1043+449
wm geometry .sigmgr._PF:3 231x341+959+439
wm geometry .sigmgr._PF:3 231x341+902+423
wm geometry .sigmgr._PF:3 231x341+877+417
wm geometry .sigmgr._PF:3 231x341+869+413
wm geometry .sigmgr._PF:3 231x341+867+413
wm geometry .sigmgr._PF:3 231x341+864+411
wm geometry .sigmgr._PF:3 231x341+861+412
wm geometry .sigmgr._PF:3 231x341+857+411
wm geometry .sigmgr._PF:3 231x341+854+410
wm geometry .sigmgr._PF:3 231x341+852+410
wm geometry .sigmgr._PF:3 231x341+847+410
wm geometry .sigmgr._PF:3 231x341+844+411
Graph:DSel
pf:read PF:3 i(m1)
# WF:3:1
Graph addsignal WF:3:1 -region new -yview real(y) -xview real(x) -tracehi 2
# Signal0
AimCalc
AimBarItem:Hide .aimCalc
wm withdraw .aimCalcConstForm
AimBarItem:Show .aimCalc
wm geometry .aimCalc 310x303+1089+313
Graph:Select Graph0
Graph:DSel
Graph itemselect Signal0 add
# Signal0
AimCalc:Enter {}
AimCalc:Enter {WF:3:1 }
Graph:DSel
AimCalc:DoFunc deriv yes
# WF:4:1
AimCalc:Enter {WF:4:1 }
AimCalc:Enter {WF:4:1 }
AimCalc:Enter {WF:4:1 }
AimCalc:GraphWaveform
# Signal1
AimCalc:Enter {WF:4:1 }
AimCalc:DoFunc divide yes
# WF:5:1
Graph:Select Graph0
Graph:DSel
Graph itemselect Signal0 add
# Signal0
AimCalc:Enter {WF:3:1 }
Graph:DSel
AimCalc:Enter {WF:3:1 }
AimCalc:DoFunc deriv yes
# WF:6:1
AimCalc:Enter {W1F:6:1 }
AimCalc:DoFunc divide yes
# WF:7:1
AimCalc:Enter WF:7:1
AimCalc:DoFunc deriv yes
# WF:8:1
Graph:Select Graph0
Graph:DSel
Graph itemselect Signal0 add
# Signal0
AimCalc:Enter {WF:3:1 }
Graph:DSel
AimCalc:DoFunc deriv yes
# WF:9:1
AimCalc:Enter {1WF:9:1 }
AimCalc:Enter {1WF:9:1 }
AimCalc:Enter {1WF:9:1 }
AimCalc:Enter {WF:9:1 }
AimCalc:DoFunc oneox yes
# WF:10:1
AimCalc:GraphWaveform
# Signal2
pf:read PF:3 par(rds3)
# WF:3:2
Graph addsignal WF:3:2 -region new -yview real(y) -xview real(x) -tracehi 2
# Signal3
Mdi:Resize 833 539
Mdi:Move 5 5
ScopeSigMgr:Unload 0 {{(1) sim3a.sw0}}
.frame1.mdi.mdi1.work.graph0 save -file /nfs/stak/users/lopezalj/ECE422/HW3/P3/3a/G3a.png -format png  -x 0 -y 0 -w 831 -h 535 -colormode color
pf:read PF:3 par(rds2)
# WF:3:3
Graph addsignal WF:3:3 -region new -yview real(y) -xview real(x) -tracehi 2
# Signal4
Graph itemselect all add
# Signal4
Graph delsignal selected
Graph:ClearItems
ScopeSigMgr:Unload 0 {{(1) sim3a.sw0}}
AimBarItem:Hide .aimCalc
wm withdraw .aimCalcConstForm
ScopeSigMgr:loadpffile /nfs/stak/users/lopezalj/ECE422/HW3/P3/3b/sim3b.sw0 1 openonly
# PF:11
wm geometry .sigmgr._PF:11 231x341+1471+519
wm geometry .sigmgr._PF:11 231x341+1308+516
wm geometry .sigmgr._PF:11 231x341+1202+516
wm geometry .sigmgr._PF:11 231x341+1167+516
wm geometry .sigmgr._PF:11 231x341+1163+518
wm geometry .sigmgr._PF:11 231x341+1162+518
wm geometry .sigmgr._PF:11 231x341+1164+518
wm geometry .sigmgr._PF:11 231x341+1166+516
wm geometry .sigmgr._PF:11 231x341+1140+506
wm geometry .sigmgr._PF:11 231x341+1066+466
wm geometry .sigmgr._PF:11 231x341+1013+442
wm geometry .sigmgr._PF:11 231x341+988+431
wm geometry .sigmgr._PF:11 231x341+985+431
wm geometry .sigmgr._PF:11 231x341+874+421
wm geometry .sigmgr._PF:11 231x341+740+402
wm geometry .sigmgr._PF:11 231x341+724+402
wm geometry .sigmgr._PF:11 231x341+719+402
wm geometry .sigmgr._PF:11 231x341+1094+374
wm geometry .sigmgr._PF:11 231x341+1112+380
wm geometry .sigmgr._PF:11 231x341+1111+377
wm geometry .sigmgr._PF:11 231x341+1106+373
pf:read PF:11 par(rds)
# WF:11:1
Graph addsignal WF:11:1 -region new -yview real(y) -xview real(x) -tracehi 2
# Signal0
ScopeSigMgr:loadpffile /nfs/stak/users/lopezalj/ECE422/HW3/P3/3b/sim3b.sw0 1 replace
# PF:12
ScopeSigMgr:loadpffile /nfs/stak/users/lopezalj/ECE422/HW3/P3/3b/sim3b.sw0 1 replace
# PF:13
pf:read PF:13 i(vdrain)
# WF:13:2
Graph addsignal WF:13:2 -region new -yview real(y) -xview real(x) -tracehi 2
# Signal3
wm geometry .aimCalc 310x303+1089+335
AimBarItem:Show .aimCalc
Graph:Select Graph0
Graph:DSel
Graph itemselect Signal3 add
# Signal3
AimCalc:Enter {WF:13:2 }
Graph:DSel
AimCalc:DoFunc deriv yes
# WF:14:1
AimCalc:DoFunc oneox yes
# WF:15:1
AimCalc:GraphWaveform
# Signal4
Graph:Select Graph0
Graph:DSel
Graph itemselect Signal3 add
# Signal3
AimCalc:Enter {WF:13:2 }
Graph:DSel
AimCalc:DoFunc deriv yes
# WF:16:1
AimCalc:GraphWaveform
# Signal5
Graph itemselect all add
# Signal5
Graph delsignal selected
Graph:ClearItems
ScopeSigMgr:loadpffile /nfs/stak/users/lopezalj/ECE422/HW3/P3/3b/sim3b.sw0 1 replace
# PF:17
wm geometry .sigmgr._PF:11 231x341+1073+372
wm geometry .sigmgr._PF:11 231x341+1003+372
wm geometry .sigmgr._PF:11 231x341+936+378
wm geometry .sigmgr._PF:11 231x341+891+385
wm geometry .sigmgr._PF:11 231x341+856+386
wm geometry .sigmgr._PF:11 231x341+850+385
wm geometry .sigmgr._PF:11 231x341+846+381
wm geometry .sigmgr._PF:11 231x341+845+381
wm geometry .sigmgr._PF:11 231x341+845+377
wm geometry .sigmgr._PF:11 231x341+846+373
wm geometry .sigmgr._PF:11 231x341+846+372
wm geometry .sigmgr._PF:11 231x341+849+371
wm geometry .sigmgr._PF:11 231x341+850+368
wm geometry .sigmgr._PF:11 231x341+852+367
wm geometry .sigmgr._PF:11 231x341+859+361
wm geometry .sigmgr._PF:11 231x341+862+358
wm geometry .sigmgr._PF:11 231x341+866+356
wm geometry .sigmgr._PF:11 231x341+868+354
wm geometry .sigmgr._PF:11 231x341+870+353
wm geometry .sigmgr._PF:11 231x341+870+352
pf:read PF:17 i(m1)
# WF:17:1
Graph addsignal WF:17:1 -region new -yview real(y) -xview real(x) -tracehi 2
# Signal0
Graph:Select Graph0
Graph:DSel
Graph itemselect Signal0 add
# Signal0
AimCalc:Enter {WF:17:1 }
Graph:DSel
AimCalc:DoFunc deriv yes
# WF:18:1
AimCalc:GraphWaveform
# Signal1
AimCalc:DoFunc oneox yes
# WF:19:1
AimCalc:GraphWaveform
# Signal2
pf:read PF:17 par(rds)
# WF:17:2
Graph addsignal WF:17:2 -region new -yview real(y) -xview real(x) -tracehi 2
# Signal3
.frame1.mdi.mdi1.work.graph0 save -file /nfs/stak/users/lopezalj/ECE422/HW3/P3/3a/G3b.png -format png  -x 0 -y 0 -w 831 -h 535 -colormode color
Graph:DSel
Graph:Select Graph0
Graph:DSel
Graph itemselect Signal2 add
# Signal2
Graph:DSel
Graph:DSel
AimBarItem:Hide .aimCalc
wm withdraw .aimCalcConstForm
ScopeSigMgr:Unload 0
Graph0 delsignal Signal0
Graph0 delsignal Signal3
ScopeSigMgr:loadpffile /nfs/stak/users/lopezalj/ECE422/HW3/P3/3b/sim3b.sw0 1 openonly
# PF:20
wm geometry .sigmgr._PF:20 231x341+1666+534
wm geometry .sigmgr._PF:20 231x341+1617+535
wm geometry .sigmgr._PF:20 231x341+1248+496
wm geometry .sigmgr._PF:20 231x341+1144+493
wm geometry .sigmgr._PF:20 231x341+1102+492
wm geometry .sigmgr._PF:20 231x341+1098+491
wm geometry .sigmgr._PF:20 231x341+1099+491
wm geometry .sigmgr._PF:20 231x341+1084+487
wm geometry .sigmgr._PF:20 231x341+1051+459
wm geometry .sigmgr._PF:20 231x341+1032+437
wm geometry .sigmgr._PF:20 231x341+1023+426
wm geometry .sigmgr._PF:20 231x341+1017+415
wm geometry .sigmgr._PF:20 231x341+1018+414
Graph itemselect all add
# Signal2
Graph delsignal selected
Graph:ClearItems
Graph:DSel
Graph:Select Graph0
Graph:DSel
Graph:DSel
pf:read PF:20 v(vd)
# WF:20:1
Graph addsignal WF:20:1 -region new -yview real(y) -xview real(x) -tracehi 2
# Signal0
Graph itemselect all add
# Signal0
Graph delsignal selected
Graph:ClearItems
ScopeSigMgr:loadpffile /nfs/stak/users/lopezalj/ECE422/HW3/P4/sim4.sw0 1 openonly
# PF:21
wm geometry .sigmgr._PF:20 231x341+984+407
wm geometry .sigmgr._PF:20 231x341+960+400
wm geometry .sigmgr._PF:20 231x341+931+386
wm geometry .sigmgr._PF:20 231x341+908+368
wm geometry .sigmgr._PF:20 231x341+902+359
wm geometry .sigmgr._PF:20 231x341+900+348
wm geometry .sigmgr._PF:20 231x341+903+346
wm geometry .sigmgr._PF:20 231x341+917+346
wm geometry .sigmgr._PF:20 231x341+934+354
wm geometry .sigmgr._PF:20 231x341+946+356
wm geometry .sigmgr._PF:20 231x341+952+357
wm geometry .sigmgr._PF:20 231x341+954+357
wm geometry .sigmgr._PF:21 231x341+1668+557
wm geometry .sigmgr._PF:21 231x341+1491+518
wm geometry .sigmgr._PF:21 231x341+1350+483
wm geometry .sigmgr._PF:21 231x341+1276+471
wm geometry .sigmgr._PF:21 231x341+1250+464
wm geometry .sigmgr._PF:21 231x341+1250+465
wm geometry .sigmgr._PF:21 231x341+1221+471
wm geometry .sigmgr._PF:21 231x341+1164+474
wm geometry .sigmgr._PF:21 231x341+1064+489
wm geometry .sigmgr._PF:21 231x341+1021+499
wm geometry .sigmgr._PF:21 231x341+1016+500
wm geometry .sigmgr._PF:21 231x341+1008+503
wm geometry .sigmgr._PF:21 231x341+939+505
wm geometry .sigmgr._PF:21 231x341+890+505
wm geometry .sigmgr._PF:21 231x341+853+505
wm geometry .sigmgr._PF:21 231x341+848+505
wm geometry .sigmgr._PF:21 231x341+845+505
wm geometry .sigmgr._PF:21 231x341+859+472
wm geometry .sigmgr._PF:21 231x341+879+437
wm geometry .sigmgr._PF:21 231x341+894+415
wm geometry .sigmgr._PF:21 231x341+903+402
wm geometry .sigmgr._PF:21 231x341+915+395
wm geometry .sigmgr._PF:21 231x341+923+394
wm geometry .sigmgr._PF:21 231x341+935+397
wm geometry .sigmgr._PF:21 231x341+947+403
wm geometry .sigmgr._PF:21 231x341+952+405
wm geometry .sigmgr._PF:21 231x341+953+407
wm geometry .sigmgr._PF:21 231x341+954+407
wm geometry .sigmgr._PF:21 231x341+977+397
wm geometry .sigmgr._PF:21 231x341+1045+371
wm geometry .sigmgr._PF:21 231x341+1106+356
wm geometry .sigmgr._PF:21 231x341+1142+355
wm geometry .sigmgr._PF:21 231x341+1146+355
wm geometry .sigmgr._PF:21 231x341+1149+355
wm geometry .sigmgr._PF:21 231x341+1148+352
wm geometry .sigmgr._PF:21 231x341+1148+349
wm geometry .sigmgr._PF:21 231x341+1151+349
wm geometry .sigmgr._PF:21 231x341+1161+352
wm geometry .sigmgr._PF:21 231x341+1169+358
wm geometry .sigmgr._PF:21 231x341+1175+361
wm geometry .sigmgr._PF:21 231x341+1177+362
wm geometry .sigmgr._PF:21 231x341+1180+362
wm geometry .sigmgr._PF:21 231x341+1181+362
wm geometry .sigmgr._PF:21 231x341+1182+362
wm geometry .sigmgr._PF:21 231x341+1184+362
wm geometry .sigmgr._PF:21 231x341+1188+361
wm geometry .sigmgr._PF:21 231x341+1189+361
wm geometry .sigmgr._PF:21 231x341+1190+362
wm geometry .sigmgr._PF:21 231x341+1191+362
wm geometry .sigmgr._PF:21 231x341+1192+362
wm geometry .sigmgr._PF:21 231x341+1194+362
wm geometry .sigmgr._PF:21 231x341+1193+362
wm geometry .sigmgr._PF:21 231x341+1195+362
wm geometry .sigmgr._PF:21 231x341+1194+363
wm geometry .sigmgr._PF:21 231x341+1192+363
wm geometry .sigmgr._PF:21 231x341+1188+363
wm geometry .sigmgr._PF:21 231x341+1180+363
wm geometry .sigmgr._PF:21 231x341+1165+362
wm geometry .sigmgr._PF:21 231x341+1155+359
wm geometry .sigmgr._PF:21 231x341+1148+356
wm geometry .sigmgr._PF:21 231x341+1141+354
wm geometry .sigmgr._PF:21 231x341+1137+351
wm geometry .sigmgr._PF:21 231x341+1135+352
wm geometry .sigmgr._PF:21 231x341+1134+351
wm geometry .sigmgr._PF:21 231x341+1133+350
wm geometry .sigmgr._PF:21 231x341+1133+348
wm geometry .sigmgr._PF:21 231x341+1134+351
wm geometry .sigmgr._PF:21 231x341+1137+351
wm geometry .sigmgr._PF:21 231x341+1137+352
wm geometry .sigmgr._PF:21 231x341+1138+353
wm geometry .sigmgr._PF:21 231x341+1138+354
wm geometry .sigmgr._PF:21 231x341+1139+355
wm geometry .sigmgr._PF:21 231x341+1139+354
wm geometry .sigmgr._PF:21 231x341+1139+355
wm geometry .sigmgr._PF:20 231x341+879+355
ScopeSigMgr:Unload 0
wm geometry .sigmgr._PF:21 231x341+1054+343
wm geometry .sigmgr._PF:21 231x341+1019+335
wm geometry .sigmgr._PF:21 231x341+1001+329
wm geometry .sigmgr._PF:21 231x341+989+323
wm geometry .sigmgr._PF:21 231x341+983+321
wm geometry .sigmgr._PF:21 231x341+978+319
wm geometry .sigmgr._PF:21 231x341+976+319
pf:read PF:21 v(vdn)
# WF:21:1
Graph addsignal WF:21:1 -region new -yview real(y) -xview real(x) -tracehi 2
# Signal0
GrMeas:Threshold Graph0 Signal0 .9 either xyrangeAll
# M:0
Mdi:Resize 923 551
Mdi:Move 5 5
.frame1.mdi.mdi1.work.graph0 save -file /nfs/stak/users/lopezalj/ECE422/HW3/P4/G4a.png -format png  -x 0 -y 0 -w 921 -h 547 -colormode color
Graph:DSel
Graph:Select Graph0
Graph:DSel
wm geometry .sigmgr._PF:21 231x341+949+319
pf:read PF:21 i(vsource)
# WF:21:2
Graph addsignal WF:21:2 -region new -yview real(y) -xview real(x) -tracehi 2
# Signal1
ScopeSigMgr:loadpffile /nfs/stak/users/lopezalj/ECE422/HW3/P4/sim4.sw0 1 replace
# PF:22
Graph itemselect all add
# Signal3
Graph delsignal selected
Graph:ClearItems
pf:read PF:22 i(m1)
# WF:22:3
Graph addsignal WF:22:3 -region new -yview real(y) -xview real(x) -tracehi 2
# Signal0
pf:read PF:22 v(vdn)
# WF:22:2
Graph addsignal WF:22:2 -region new -yview real(y) -xview real(x) -tracehi 2
# Signal1
