Mdi:ArrangeIcons
Mdi:ArrangeIcons
wm geometry . 900x785+18+81
Mdi:ArrangeIcons
wm geometry . 900x785+23+80
Mdi:ArrangeIcons
wm geometry . 900x785+71+71
Mdi:ArrangeIcons
wm geometry . 900x785+32+35
Mdi:ArrangeIcons
wm geometry . 900x785+31+31
Mdi:ArrangeIcons
Mdi:ArrangeIcons
wm geometry . 900x785+31+30
Mdi:ArrangeIcons
Mdi:ArrangeIcons
Mdi:ArrangeIcons
Mdi:ArrangeIcons
Mdi:ArrangeIcons
Mdi:ArrangeIcons
Mdi:ArrangeIcons
Mdi:ArrangeIcons
Mdi:ArrangeIcons
Mdi:ArrangeIcons
Mdi:ArrangeIcons
Mdi:ArrangeIcons
Mdi:ArrangeIcons
Mdi:ArrangeIcons
Mdi:ArrangeIcons
Mdi:ArrangeIcons
Mdi:ArrangeIcons
Mdi:ArrangeIcons
Mdi:ArrangeIcons
Mdi:ArrangeIcons
Mdi:ArrangeIcons
Mdi:ArrangeIcons
Mdi:ArrangeIcons
Mdi:ArrangeIcons
Mdi:ArrangeIcons
Mdi:ArrangeIcons
Mdi:ArrangeIcons
Mdi:ArrangeIcons
Mdi:ArrangeIcons
Mdi:ArrangeIcons
Mdi:ArrangeIcons
Mdi:ArrangeIcons
Mdi:ArrangeIcons
Mdi:ArrangeIcons
Mdi:ArrangeIcons
Mdi:ArrangeIcons
Mdi:ArrangeIcons
Mdi:ArrangeIcons
Mdi:ArrangeIcons
Mdi:ArrangeIcons
Mdi:ArrangeIcons
ScopeSigMgr:loadpffile /nfs/stak/users/lopezalj/ECE422/HW3/P1/sim1.sw0 1 openonly
# PF:1
pf:read PF:1 gmo(m1)
# WF:1:1
Graph addsignal WF:1:1 -region new -yview real(y) -xview real(x) -tracehi 2
# Signal0
