Mdi:ArrangeIcons
Mdi:ArrangeIcons
wm geometry . 900x785+130+55
Mdi:ArrangeIcons
wm geometry . 900x785+970+0
Mdi:ArrangeIcons
wm geometry . 900x785+1442+48
Mdi:ArrangeIcons
Mdi:ArrangeIcons
Mdi:ArrangeIcons
Mdi:ArrangeIcons
Mdi:ArrangeIcons
wm geometry . 900x785+1488+48
Mdi:ArrangeIcons
wm geometry . 900x785+1762+62
Mdi:ArrangeIcons
wm geometry . 900x785+1927+94
Mdi:ArrangeIcons
wm geometry . 900x785+1957+114
Mdi:ArrangeIcons
wm geometry . 900x785+1962+122
Mdi:ArrangeIcons
wm geometry . 900x785+1958+126
Mdi:ArrangeIcons
wm geometry . 900x785+1945+126
Mdi:ArrangeIcons
wm geometry . 900x785+1917+115
Mdi:ArrangeIcons
wm geometry . 900x785+1825+65
Mdi:ArrangeIcons
wm geometry . 900x785+1763+44
Mdi:ArrangeIcons
wm geometry . 900x785+1704+37
Mdi:ArrangeIcons
wm geometry . 900x785+1671+20
Mdi:ArrangeIcons
wm geometry . 900x785+1664+9
Mdi:ArrangeIcons
wm geometry . 900x785+1657+4
Mdi:ArrangeIcons
wm geometry . 900x785+1626+18
Mdi:ArrangeIcons
wm geometry . 900x785+1601+27
Mdi:ArrangeIcons
wm geometry . 900x785+1584+27
Mdi:ArrangeIcons
wm geometry . 900x785+1568+19
Mdi:ArrangeIcons
wm geometry . 900x785+1561+18
Mdi:ArrangeIcons
wm geometry . 900x785+1552+14
Mdi:ArrangeIcons
wm geometry . 900x785+1545+11
Mdi:ArrangeIcons
wm geometry . 900x785+1543+11
Mdi:ArrangeIcons
wm geometry . 900x785+1539+14
Mdi:ArrangeIcons
wm geometry . 900x785+1537+17
Mdi:ArrangeIcons
wm geometry . 900x785+1536+19
Mdi:ArrangeIcons
wm geometry . 900x785+1528+21
Mdi:ArrangeIcons
wm geometry . 900x785+1519+24
Mdi:ArrangeIcons
wm geometry . 900x785+1512+24
Mdi:ArrangeIcons
wm geometry . 900x785+1509+24
Mdi:ArrangeIcons
wm geometry . 900x785+1506+24
Mdi:ArrangeIcons
Mdi:ArrangeIcons
Mdi:ArrangeIcons
Mdi:ArrangeIcons
Mdi:ArrangeIcons
Mdi:ArrangeIcons
Mdi:ArrangeIcons
Mdi:ArrangeIcons
Mdi:ArrangeIcons
Mdi:ArrangeIcons
Mdi:ArrangeIcons
Mdi:ArrangeIcons
Mdi:ArrangeIcons
Mdi:ArrangeIcons
Mdi:ArrangeIcons
Mdi:ArrangeIcons
Mdi:ArrangeIcons
Mdi:ArrangeIcons
Mdi:ArrangeIcons
Mdi:ArrangeIcons
Mdi:ArrangeIcons
Mdi:ArrangeIcons
Mdi:ArrangeIcons
Mdi:ArrangeIcons
Mdi:ArrangeIcons
Mdi:ArrangeIcons
Mdi:ArrangeIcons
Mdi:ArrangeIcons
Mdi:ArrangeIcons
Mdi:ArrangeIcons
Mdi:ArrangeIcons
Mdi:ArrangeIcons
Mdi:ArrangeIcons
Mdi:ArrangeIcons
Mdi:ArrangeIcons
Mdi:ArrangeIcons
Mdi:ArrangeIcons
Mdi:ArrangeIcons
Mdi:ArrangeIcons
Mdi:ArrangeIcons
Mdi:ArrangeIcons
Mdi:ArrangeIcons
Mdi:ArrangeIcons
Mdi:ArrangeIcons
Mdi:ArrangeIcons
Mdi:ArrangeIcons
Mdi:ArrangeIcons
Mdi:ArrangeIcons
Mdi:ArrangeIcons
Mdi:ArrangeIcons
Mdi:ArrangeIcons
Mdi:ArrangeIcons
Mdi:ArrangeIcons
Mdi:ArrangeIcons
Mdi:ArrangeIcons
Mdi:ArrangeIcons
Mdi:ArrangeIcons
Mdi:ArrangeIcons
Mdi:ArrangeIcons
Mdi:ArrangeIcons
Mdi:ArrangeIcons
Mdi:ArrangeIcons
Mdi:ArrangeIcons
Mdi:ArrangeIcons
Mdi:ArrangeIcons
Mdi:ArrangeIcons
Mdi:ArrangeIcons
Mdi:ArrangeIcons
Mdi:ArrangeIcons
Mdi:ArrangeIcons
Mdi:ArrangeIcons
Mdi:ArrangeIcons
Mdi:ArrangeIcons
Mdi:ArrangeIcons
Mdi:ArrangeIcons
Mdi:ArrangeIcons
Mdi:ArrangeIcons
Mdi:ArrangeIcons
Mdi:ArrangeIcons
Mdi:ArrangeIcons
Mdi:ArrangeIcons
Mdi:ArrangeIcons
Mdi:ArrangeIcons
Mdi:ArrangeIcons
Mdi:ArrangeIcons
Mdi:ArrangeIcons
Mdi:ArrangeIcons
Mdi:ArrangeIcons
Mdi:ArrangeIcons
Mdi:ArrangeIcons
Mdi:ArrangeIcons
Mdi:ArrangeIcons
Mdi:ArrangeIcons
Mdi:ArrangeIcons
Mdi:ArrangeIcons
Mdi:ArrangeIcons
Mdi:ArrangeIcons
Mdi:ArrangeIcons
Mdi:ArrangeIcons
Mdi:ArrangeIcons
Mdi:ArrangeIcons
Mdi:ArrangeIcons
Mdi:ArrangeIcons
Mdi:ArrangeIcons
Mdi:ArrangeIcons
Mdi:ArrangeIcons
Mdi:ArrangeIcons
Mdi:ArrangeIcons
Mdi:ArrangeIcons
Mdi:ArrangeIcons
Mdi:ArrangeIcons
Mdi:ArrangeIcons
Mdi:ArrangeIcons
Mdi:ArrangeIcons
Mdi:ArrangeIcons
Mdi:ArrangeIcons
Mdi:ArrangeIcons
Mdi:ArrangeIcons
Mdi:ArrangeIcons
Mdi:ArrangeIcons
wm geometry . 905x785+1506+24
Mdi:ArrangeIcons
wm geometry . 1344x811+1506+24
Mdi:ArrangeIcons
wm geometry . 1361x811+1506+24
Mdi:ArrangeIcons
wm geometry . 1361x812+1506+24
Mdi:ArrangeIcons
wm geometry . 1362x813+1506+24
Mdi:ArrangeIcons
wm geometry . 1356x821+1506+24
Mdi:ArrangeIcons
wm geometry . 1363x821+1506+24
Mdi:ArrangeIcons
wm geometry . 1387x813+1506+24
Mdi:ArrangeIcons
wm geometry . 1598x806+1506+24
Mdi:ArrangeIcons
wm geometry . 1766x843+1506+24
Mdi:ArrangeIcons
wm geometry . 1840x870+1506+24
Mdi:ArrangeIcons
wm geometry . 1847x871+1506+24
Mdi:ArrangeIcons
wm geometry . 1848x872+1506+24
Mdi:ArrangeIcons
wm geometry . 1848x873+1506+24
Mdi:ArrangeIcons
wm geometry . 1833x873+1506+24
Mdi:ArrangeIcons
wm geometry . 1804x864+1506+24
Mdi:ArrangeIcons
wm geometry . 1797x864+1506+24
Mdi:ArrangeIcons
wm geometry . 1772x861+1506+24
Mdi:ArrangeIcons
wm geometry . 1766x861+1506+24
Mdi:ArrangeIcons
wm geometry . 1753x861+1506+24
Mdi:ArrangeIcons
wm geometry . 1750x865+1506+24
Mdi:ArrangeIcons
wm geometry . 1747x874+1506+24
Mdi:ArrangeIcons
wm geometry . 1747x893+1506+24
Mdi:ArrangeIcons
wm geometry . 1749x895+1506+24
Mdi:ArrangeIcons
wm geometry . 1752x901+1506+24
Mdi:ArrangeIcons
wm geometry . 1752x902+1506+24
Mdi:ArrangeIcons
wm geometry . 1752x903+1506+24
Mdi:ArrangeIcons
wm geometry . 1752x902+1506+24
Mdi:ArrangeIcons
wm geometry . 1752x903+1506+24
Mdi:ArrangeIcons
wm geometry . 1752x902+1506+24
Mdi:ArrangeIcons
wm geometry . 1754x902+1506+24
Mdi:ArrangeIcons
wm geometry . 1757x902+1506+24
Mdi:ArrangeIcons
wm geometry . 1764x904+1506+24
Mdi:ArrangeIcons
wm geometry . 1767x905+1506+24
Mdi:ArrangeIcons
wm geometry . 1769x905+1506+24
Mdi:ArrangeIcons
wm geometry . 1770x907+1506+24
Mdi:ArrangeIcons
wm geometry . 1771x907+1506+24
ScopeSigMgr:loadpffile /nfs/stak/users/lopezalj/ECE422/FinalProject/project.ac0 1 openonly
# PF:1
wm geometry .sigmgr._PF:1 231x341+1740+526
wm geometry .sigmgr._PF:1 231x341+2023+544
wm geometry .sigmgr._PF:1 231x341+2181+584
wm geometry .sigmgr._PF:1 231x341+2250+600
wm geometry .sigmgr._PF:1 231x341+2249+600
wm geometry .sigmgr._PF:1 231x341+2249+601
wm geometry .sigmgr._PF:1 231x341+2254+601
wm geometry .sigmgr._PF:1 231x341+2282+598
wm geometry .sigmgr._PF:1 231x341+2458+582
wm geometry .sigmgr._PF:1 231x341+2526+577
wm geometry .sigmgr._PF:1 231x341+2578+573
wm geometry .sigmgr._PF:1 231x341+2584+572
wm geometry .sigmgr._PF:1 231x341+2585+573
wm geometry .sigmgr._PF:1 231x341+2604+558
wm geometry .sigmgr._PF:1 231x341+2691+516
wm geometry .sigmgr._PF:1 231x341+2755+499
wm geometry .sigmgr._PF:1 231x341+2804+493
wm geometry .sigmgr._PF:1 231x341+2819+493
wm geometry .sigmgr._PF:1 231x341+2838+488
wm geometry .sigmgr._PF:1 231x341+2885+471
wm geometry .sigmgr._PF:1 231x341+2925+461
wm geometry .sigmgr._PF:1 231x341+2947+457
wm geometry .sigmgr._PF:1 231x341+2958+456
wm geometry .sigmgr._PF:1 231x341+2966+455
wm geometry .sigmgr._PF:1 231x341+2972+455
wm geometry .sigmgr._PF:1 231x341+2976+455
wm geometry .sigmgr._PF:1 231x341+2976+456
Mdi:Resize 1289 750
Mdi:Move 5 5
pf:read PF:1 v(vout)
# WF:1:1
Graph addsignal {WF:1:1 WF:1:1} -region {new new} -yview {cphasedeg(y) db(y)} -xview {real(x) real(x)} -tracehi {2 2}
# Signal0 Signal1
GrMeas:Levels Graph0 Signal1 Maximum xyrangeAll
# M:0
GrMeas:Lowpass Graph0 Signal1 default - 3 xyrangeAll
# M:1
GrMeas:Threshold Graph0 Signal1 0 either xyrangeAll
# M:2
GrMeas:PhaseMargin Graph0 Signal0 degrees xyrangeAll 0 - activeGraph {{5}  {-}  {1}  {20}  {No}  {No}  {50}  {10}  {auto}  {Parameter}} 1 {} -180
# M:3
Graph:DSel
Graph:Select Graph0
Graph:DSel
Graph:DSel
Graph:DSel
Graph:DSel
Graph:DSel
Graph:DSel
Graph:DSel
Graph:DSel
Graph:DSel
.frame1.mdi.mdi1.work.graph0 save -file /nfs/stak/users/lopezalj/ECE422/FinalProject/Output.png -format png  -x 0 -y 0 -w 1287 -h 746 -colormode color
